#
# There is insufficient memory for the Java Runtime Environment to continue.
# Native memory allocation (mmap) failed to map 230686720 bytes. Error detail: G1 virtual space
# Possible reasons:
#   The system is out of physical RAM or swap space
#   This process is running with CompressedOops enabled, and the Java Heap may be blocking the growth of the native heap
# Possible solutions:
#   Reduce memory load on the system
#   Increase physical memory or swap space
#   Check if swap backing store is full
#   Decrease Java heap size (-Xmx/-Xms)
#   Decrease number of Java threads
#   Decrease Java thread stack sizes (-Xss)
#   Set larger code cache with -XX:ReservedCodeCacheSize=
#   JVM is running with Zero Based Compressed Oops mode in which the Java heap is
#     placed in the first 32GB address space. The Java Heap base address is the
#     maximum limit for the native heap growth. Please use -XX:HeapBaseMinAddress
#     to set the Java Heap base and to place the Java Heap above 32GB virtual address.
# This output file may be truncated or incomplete.
#
#  Out of Memory Error (os_windows.cpp:3815), pid=404, tid=40016
#
# JRE version:  (21.0.3+13) (build )
# Java VM: OpenJDK 64-Bit Server VM (21.0.3+13-b509.4, mixed mode, sharing, tiered, compressed oops, compressed class ptrs, g1 gc, windows-amd64)
# No core dump will be written. Minidumps are not enabled by default on client versions of Windows
#

---------------  S U M M A R Y ------------

Command Line: git4idea.http.GitAskPassApp Username for 'https://github.com': 

Host: AMD Ryzen 7 6800H with Radeon Graphics         , 16 cores, 13G,  Windows 11 , 64 bit Build 22621 (10.0.22621.3958)
Time: Fri Nov  1 16:05:47 2024 Taipei Standard Time elapsed time: 0.063879 seconds (0d 0h 0m 0s)

---------------  T H R E A D  ---------------

Current thread (0x0000019835141740):  JavaThread "Unknown thread" [_thread_in_vm, id=40016, stack(0x0000002306600000,0x0000002306700000) (1024K)]

Stack: [0x0000002306600000,0x0000002306700000]
Native frames: (J=compiled Java code, j=interpreted, Vv=VM code, C=native code)
V  [jvm.dll+0x6e02e9]
V  [jvm.dll+0x8bd373]
V  [jvm.dll+0x8bf8ce]
V  [jvm.dll+0x8bffb3]
V  [jvm.dll+0x2879b6]
V  [jvm.dll+0x6dcab5]
V  [jvm.dll+0x6d0f8a]
V  [jvm.dll+0x35f9ab]
V  [jvm.dll+0x367556]
V  [jvm.dll+0x3b8b46]
V  [jvm.dll+0x3b8e18]
V  [jvm.dll+0x33216c]
V  [jvm.dll+0x332e5b]
V  [jvm.dll+0x8845d9]
V  [jvm.dll+0x3c5f28]
V  [jvm.dll+0x86d7fd]
V  [jvm.dll+0x45ab8e]
V  [jvm.dll+0x45c761]
C  [jli.dll+0x52ab]
C  [ucrtbase.dll+0x29333]
C  [KERNEL32.DLL+0x1257d]
C  [ntdll.dll+0x5af08]


---------------  P R O C E S S  ---------------

Threads class SMR info:
_java_thread_list=0x00007ffcc698d108, length=0, elements={
}

Java Threads: ( => current thread )
Total: 0

Other Threads:
  0x00000198375349d0 WorkerThread "GC Thread#0"                     [id=40028, stack(0x0000002306700000,0x0000002306800000) (1024K)]
  0x0000019837543670 ConcurrentGCThread "G1 Main Marker"            [id=40032, stack(0x0000002306800000,0x0000002306900000) (1024K)]
  0x0000019837544170 WorkerThread "G1 Conc#0"                       [id=40036, stack(0x0000002306900000,0x0000002306a00000) (1024K)]

[error occurred during error reporting (printing all threads), id 0xc0000005, EXCEPTION_ACCESS_VIOLATION (0xc0000005) at pc=0x00007ffcc60852c7]
VM state: not at safepoint (not fully initialized)

VM Mutex/Monitor currently owned by a thread:  ([mutex/lock_event])
[0x00007ffcc6a01858] Heap_lock - owner thread: 0x0000019835141740

Heap address: 0x0000000724e00000, size: 3506 MB, Compressed Oops mode: Zero based, Oop shift amount: 3

CDS archive(s) mapped at: [0x0000000000000000-0x0000000000000000-0x0000000000000000), size 0, SharedBaseAddress: 0x0000000800000000, ArchiveRelocationMode: 1.
Narrow klass base: 0x0000000000000000, Narrow klass shift: 0, Narrow klass range: 0x0

GC Precious Log:
 CardTable entry size: 512
 Card Set container configuration: InlinePtr #cards 4 size 8 Array Of Cards #cards 16 size 48 Howl #buckets 8 coarsen threshold 3686 Howl Bitmap #cards 512 size 80 coarsen threshold 460 Card regions per heap region 1 cards per card region 4096

Heap:
 garbage-first heap   total 0K, used 0K [0x0000000724e00000, 0x0000000800000000)
  region size 2048K, 0 young (0K), 0 survivors (0K)
 Metaspace       used 0K, committed 0K, reserved 0K
  class space    used 0K, committed 0K, reserved 0K

Heap Regions: E=young(eden), S=young(survivor), O=old, HS=humongous(starts), HC=humongous(continues), CS=collection set, F=free, TAMS=top-at-mark-start, PB=parsable bottom

Card table byte_map: [0x000001984b350000,0x000001984ba30000] _byte_map_base: 0x0000019847a29000

Marking Bits: (CMBitMap*) 0x00000198375350d0
 Bits: [0x000001984ba30000, 0x000001984f0f8000)

GC Heap History (0 events):
No events

Dll operation events (1 events):
Event: 0.011 Loaded shared library C:\Users\zhang\AppData\Local\Programs\PyCharm Professional\jbr\bin\java.dll

Deoptimization events (0 events):
No events

Classes loaded (0 events):
No events

Classes unloaded (0 events):
No events

Classes redefined (0 events):
No events

Internal exceptions (0 events):
No events

ZGC Phase Switch (0 events):
No events

VM Operations (0 events):
No events

Events (0 events):
No events


Dynamic libraries:
0x00007ff688ba0000 - 0x00007ff688baa000 	C:\Users\zhang\AppData\Local\Programs\PyCharm Professional\jbr\bin\java.exe
0x00007ffd3b1d0000 - 0x00007ffd3b3e7000 	C:\WINDOWS\SYSTEM32\ntdll.dll
0x00007ffd39a60000 - 0x00007ffd39b24000 	C:\WINDOWS\System32\KERNEL32.DLL
0x00007ffd384e0000 - 0x00007ffd38897000 	C:\WINDOWS\System32\KERNELBASE.dll
0x00007ffd38a40000 - 0x00007ffd38b51000 	C:\WINDOWS\System32\ucrtbase.dll
0x00007ffd322f0000 - 0x00007ffd3230b000 	C:\Users\zhang\AppData\Local\Programs\PyCharm Professional\jbr\bin\VCRUNTIME140.dll
0x00007ffd2e8a0000 - 0x00007ffd2e8b8000 	C:\Users\zhang\AppData\Local\Programs\PyCharm Professional\jbr\bin\jli.dll
0x00007ffd39f70000 - 0x00007ffd3a11f000 	C:\WINDOWS\System32\USER32.dll
0x00007ffd251d0000 - 0x00007ffd25463000 	C:\WINDOWS\WinSxS\amd64_microsoft.windows.common-controls_6595b64144ccf1df_6.0.22621.3672_none_2713b9d173822955\COMCTL32.dll
0x00007ffd38d70000 - 0x00007ffd38d96000 	C:\WINDOWS\System32\win32u.dll
0x00007ffd39c00000 - 0x00007ffd39ca7000 	C:\WINDOWS\System32\msvcrt.dll
0x00007ffd3a4b0000 - 0x00007ffd3a4d9000 	C:\WINDOWS\System32\GDI32.dll
0x00007ffd38920000 - 0x00007ffd38a38000 	C:\WINDOWS\System32\gdi32full.dll
0x00007ffd38b60000 - 0x00007ffd38bfa000 	C:\WINDOWS\System32\msvcp_win.dll
0x00007ffd39b30000 - 0x00007ffd39b61000 	C:\WINDOWS\System32\IMM32.DLL
0x00007ffd323e0000 - 0x00007ffd323ec000 	C:\Users\zhang\AppData\Local\Programs\PyCharm Professional\jbr\bin\vcruntime140_1.dll
0x00007ffc5ec90000 - 0x00007ffc5ed1d000 	C:\Users\zhang\AppData\Local\Programs\PyCharm Professional\jbr\bin\msvcp140.dll
0x00007ffcc5d40000 - 0x00007ffcc6af2000 	C:\Users\zhang\AppData\Local\Programs\PyCharm Professional\jbr\bin\server\jvm.dll
0x00007ffd3a760000 - 0x00007ffd3a812000 	C:\WINDOWS\System32\ADVAPI32.dll
0x00007ffd39cd0000 - 0x00007ffd39d78000 	C:\WINDOWS\System32\sechost.dll
0x00007ffd38da0000 - 0x00007ffd38dc8000 	C:\WINDOWS\System32\bcrypt.dll
0x00007ffd38f00000 - 0x00007ffd39014000 	C:\WINDOWS\System32\RPCRT4.dll
0x00007ffd39ea0000 - 0x00007ffd39f11000 	C:\WINDOWS\System32\WS2_32.dll
0x00007ffd383b0000 - 0x00007ffd383fd000 	C:\WINDOWS\SYSTEM32\POWRPROF.dll
0x00007ffd323a0000 - 0x00007ffd323d4000 	C:\WINDOWS\SYSTEM32\WINMM.dll
0x00007ffd31d40000 - 0x00007ffd31d4a000 	C:\WINDOWS\SYSTEM32\VERSION.dll
0x00007ffd38390000 - 0x00007ffd383a3000 	C:\WINDOWS\SYSTEM32\UMPDC.dll
0x00007ffd37530000 - 0x00007ffd37548000 	C:\WINDOWS\SYSTEM32\kernel.appcore.dll
0x00007ffd322e0000 - 0x00007ffd322ea000 	C:\Users\zhang\AppData\Local\Programs\PyCharm Professional\jbr\bin\jimage.dll
0x00007ffd35ed0000 - 0x00007ffd36102000 	C:\WINDOWS\SYSTEM32\DBGHELP.DLL
0x00007ffd3a120000 - 0x00007ffd3a4ae000 	C:\WINDOWS\System32\combase.dll
0x00007ffd3ab30000 - 0x00007ffd3ac07000 	C:\WINDOWS\System32\OLEAUT32.dll
0x00007ffd2e9f0000 - 0x00007ffd2ea22000 	C:\WINDOWS\SYSTEM32\dbgcore.DLL
0x00007ffd388a0000 - 0x00007ffd3891b000 	C:\WINDOWS\System32\bcryptPrimitives.dll
0x00007ffd32060000 - 0x00007ffd3207f000 	C:\Users\zhang\AppData\Local\Programs\PyCharm Professional\jbr\bin\java.dll

dbghelp: loaded successfully - version: 4.0.5 - missing functions: none
symbol engine: initialized successfully - sym options: 0x614 - pdb path: .;C:\Users\zhang\AppData\Local\Programs\PyCharm Professional\jbr\bin;C:\WINDOWS\SYSTEM32;C:\WINDOWS\WinSxS\amd64_microsoft.windows.common-controls_6595b64144ccf1df_6.0.22621.3672_none_2713b9d173822955;C:\Users\zhang\AppData\Local\Programs\PyCharm Professional\jbr\bin\server

VM Arguments:
java_command: git4idea.http.GitAskPassApp Username for 'https://github.com': 
java_class_path (initial): C:/Users/zhang/AppData/Local/Programs/PyCharm Professional/plugins/vcs-git/lib/git4idea-rt.jar;C:/Users/zhang/AppData/Local/Programs/PyCharm Professional/lib/externalProcess-rt.jar
Launcher Type: SUN_STANDARD

[Global flags]
     intx CICompilerCount                          = 12                                        {product} {ergonomic}
     uint ConcGCThreads                            = 3                                         {product} {ergonomic}
     uint G1ConcRefinementThreads                  = 13                                        {product} {ergonomic}
   size_t G1HeapRegionSize                         = 2097152                                   {product} {ergonomic}
    uintx GCDrainStackTargetSize                   = 64                                        {product} {ergonomic}
   size_t InitialHeapSize                          = 230686720                                 {product} {ergonomic}
   size_t MarkStackSize                            = 4194304                                   {product} {ergonomic}
   size_t MaxHeapSize                              = 3676307456                                {product} {ergonomic}
   size_t MinHeapDeltaBytes                        = 2097152                                   {product} {ergonomic}
   size_t MinHeapSize                              = 8388608                                   {product} {ergonomic}
    uintx NonNMethodCodeHeapSize                   = 7602480                                {pd product} {ergonomic}
    uintx NonProfiledCodeHeapSize                  = 122027880                              {pd product} {ergonomic}
    uintx ProfiledCodeHeapSize                     = 122027880                              {pd product} {ergonomic}
    uintx ReservedCodeCacheSize                    = 251658240                              {pd product} {ergonomic}
     bool SegmentedCodeCache                       = true                                      {product} {ergonomic}
   size_t SoftMaxHeapSize                          = 3676307456                             {manageable} {ergonomic}
     bool UseCompressedOops                        = true                           {product lp64_product} {ergonomic}
     bool UseG1GC                                  = true                                      {product} {ergonomic}
     bool UseLargePagesIndividualAllocation        = false                                  {pd product} {ergonomic}

Logging:
Log output configuration:
 #0: stdout all=warning uptime,level,tags foldmultilines=false
 #1: stderr all=off uptime,level,tags foldmultilines=false

Environment Variables:
JAVA_HOME=C:\Users\zhang\.jdks\corretto-17.0.12
PATH=D:/Program Files/Git/mingw64/libexec/git-core;D:/Program Files/Git/mingw64/libexec/git-core;D:\Program Files\Git\mingw64\bin;D:\Program Files\Git\usr\bin;C:\Users\zhang\bin;D:\Users\zhang\anaconda3\envs\pytorch;D:\Users\zhang\anaconda3\envs\pytorch\Library\mingw-w64\bin;D:\Users\zhang\anaconda3\envs\pytorch\Library\usr\bin;D:\Users\zhang\anaconda3\envs\pytorch\Library\bin;D:\Users\zhang\anaconda3\envs\pytorch\Scripts;D:\Users\zhang\anaconda3\envs\pytorch\bin;D:\Users\zhang\anaconda3\condabin;C:\Windows\system32;C:\Windows;C:\Windows\System32\Wbem;C:\Windows\System32\WindowsPowerShell\v1.0;C:\Windows\System32\OpenSSH;C:\Program Files (x86)\NVIDIA Corporation\PhysX\Common;C:\Program Files\dotnet;C:\Program Files\NVIDIA Corporation\NVIDIA NvDLISR;D:\Program Files\Git\cmd;C:\WINDOWS\system32;C:\WINDOWS;C:\WINDOWS\System32\Wbem;C:\WINDOWS\System32\WindowsPowerShell\v1.0;C:\WINDOWS\System32\OpenSSH;C:\Program Files\PowerShell\7;C:\Users\zhang\AppData\Local\Microsoft\WindowsApps;C:\Users\zhang\AppData\Local\JetBrains\Toolbox\scripts;D:\Users\zhang\AppData\Local\Programs\Microsoft VS Code Insiders\bin;C:\Users\zhang\.dotnet\tools;C:\Users\zhang\AppData\Local\Microsoft\WindowsApps;C:\Users\zhang\AppData\Local\Muse Hub\lib
USERNAME=zhang
DISPLAY=:0.0
LC_ALL=en_US.UTF-8
TERM=xterm-256color
TMPDIR=C:\Users\zhang\AppData\Local\Temp
OS=Windows_NT
PROCESSOR_IDENTIFIER=AMD64 Family 25 Model 68 Stepping 1, AuthenticAMD
TMP=C:\Users\zhang\AppData\Local\Temp
TEMP=C:\Users\zhang\AppData\Local\Temp




Periodic native trim disabled

JNI global refs:
JNI global refs: 0, weak refs: 0

JNI global refs memory usage: 0, weak refs: 0

Process memory usage:
Resident Set Size: 11820K (0% of 14357448K total physical memory with 898696K free physical memory)

OOME stack traces (most recent first):
Classloader memory used:

---------------  S Y S T E M  ---------------

OS:
 Windows 11 , 64 bit Build 22621 (10.0.22621.3958)
OS uptime: 0 days 8:10 hours

CPU: total 16 (initial active 16) (16 cores per cpu, 2 threads per core) family 25 model 68 stepping 1 microcode 0x0, cx8, cmov, fxsr, ht, mmx, 3dnowpref, sse, sse2, sse3, ssse3, sse4a, sse4.1, sse4.2, popcnt, lzcnt, tsc, tscinvbit, avx, avx2, aes, erms, clmul, bmi1, bmi2, adx, sha, fma, vzeroupper, clflush, clflushopt, rdtscp, rdpid, fsrm, f16c, pku, cet_ss
Processor Information for processor 0
  Max Mhz: 3201, Current Mhz: 3201, Mhz Limit: 3201
Processor Information for processor 1
  Max Mhz: 3201, Current Mhz: 3201, Mhz Limit: 3201
Processor Information for processor 2
  Max Mhz: 3201, Current Mhz: 3201, Mhz Limit: 3201
Processor Information for processor 3
  Max Mhz: 3201, Current Mhz: 3201, Mhz Limit: 3201
Processor Information for processor 4
  Max Mhz: 3201, Current Mhz: 2508, Mhz Limit: 3201
Processor Information for processor 5
  Max Mhz: 3201, Current Mhz: 2508, Mhz Limit: 3201
Processor Information for processor 6
  Max Mhz: 3201, Current Mhz: 3201, Mhz Limit: 3201
Processor Information for processor 7
  Max Mhz: 3201, Current Mhz: 2508, Mhz Limit: 3201
Processor Information for processor 8
  Max Mhz: 3201, Current Mhz: 3201, Mhz Limit: 3201
Processor Information for processor 9
  Max Mhz: 3201, Current Mhz: 3201, Mhz Limit: 3201
Processor Information for processor 10
  Max Mhz: 3201, Current Mhz: 3201, Mhz Limit: 3201
Processor Information for processor 11
  Max Mhz: 3201, Current Mhz: 3201, Mhz Limit: 3201
Processor Information for processor 12
  Max Mhz: 3201, Current Mhz: 3201, Mhz Limit: 3201
Processor Information for processor 13
  Max Mhz: 3201, Current Mhz: 3201, Mhz Limit: 3201
Processor Information for processor 14
  Max Mhz: 3201, Current Mhz: 3201, Mhz Limit: 3201
Processor Information for processor 15
  Max Mhz: 3201, Current Mhz: 3201, Mhz Limit: 3201

Memory: 4k page, system-wide physical 14020M (877M free)
TotalPageFile size 29689M (AvailPageFile size 261M)
current process WorkingSet (physical memory assigned to process): 11M, peak: 11M
current process commit charge ("private bytes"): 70M, peak: 290M

vm_info: OpenJDK 64-Bit Server VM (21.0.3+13-b509.4) for windows-amd64 JRE (21.0.3+13-b509.4), built on 2024-06-26 by "builduser" with MS VC++ 16.10 / 16.11 (VS2019)

END.
