#
# There is insufficient memory for the Java Runtime Environment to continue.
# Native memory allocation (mmap) failed to map 230686720 bytes. Error detail: G1 virtual space
# Possible reasons:
#   The system is out of physical RAM or swap space
#   This process is running with CompressedOops enabled, and the Java Heap may be blocking the growth of the native heap
# Possible solutions:
#   Reduce memory load on the system
#   Increase physical memory or swap space
#   Check if swap backing store is full
#   Decrease Java heap size (-Xmx/-Xms)
#   Decrease number of Java threads
#   Decrease Java thread stack sizes (-Xss)
#   Set larger code cache with -XX:ReservedCodeCacheSize=
#   JVM is running with Zero Based Compressed Oops mode in which the Java heap is
#     placed in the first 32GB address space. The Java Heap base address is the
#     maximum limit for the native heap growth. Please use -XX:HeapBaseMinAddress
#     to set the Java Heap base and to place the Java Heap above 32GB virtual address.
# This output file may be truncated or incomplete.
#
#  Out of Memory Error (os_windows.cpp:3815), pid=46696, tid=46376
#
# JRE version:  (21.0.3+13) (build )
# Java VM: OpenJDK 64-Bit Server VM (21.0.3+13-b509.4, mixed mode, sharing, tiered, compressed oops, compressed class ptrs, g1 gc, windows-amd64)
# No core dump will be written. Minidumps are not enabled by default on client versions of Windows
#

---------------  S U M M A R Y ------------

Command Line: git4idea.http.GitAskPassApp Username for 'https://github.com': 

Host: AMD Ryzen 7 6800H with Radeon Graphics         , 16 cores, 13G,  Windows 11 , 64 bit Build 22621 (10.0.22621.4391)
Time: Thu Nov 21 14:19:56 2024 Taipei Standard Time elapsed time: 0.009755 seconds (0d 0h 0m 0s)

---------------  T H R E A D  ---------------

Current thread (0x0000022bb441f5c0):  JavaThread "Unknown thread" [_thread_in_vm, id=46376, stack(0x0000004b4d900000,0x0000004b4da00000) (1024K)]

Stack: [0x0000004b4d900000,0x0000004b4da00000]
Native frames: (J=compiled Java code, j=interpreted, Vv=VM code, C=native code)
V  [jvm.dll+0x6e02e9]
V  [jvm.dll+0x8bd373]
V  [jvm.dll+0x8bf8ce]
V  [jvm.dll+0x8bffb3]
V  [jvm.dll+0x2879b6]
V  [jvm.dll+0x6dcab5]
V  [jvm.dll+0x6d0f8a]
V  [jvm.dll+0x35f9ab]
V  [jvm.dll+0x367556]
V  [jvm.dll+0x3b8b46]
V  [jvm.dll+0x3b8e18]
V  [jvm.dll+0x33216c]
V  [jvm.dll+0x332e5b]
V  [jvm.dll+0x8845d9]
V  [jvm.dll+0x3c5f28]
V  [jvm.dll+0x86d7fd]
V  [jvm.dll+0x45ab8e]
V  [jvm.dll+0x45c761]
C  [jli.dll+0x52ab]
C  [ucrtbase.dll+0x29333]
C  [KERNEL32.DLL+0x1259d]
C  [ntdll.dll+0x5af38]


---------------  P R O C E S S  ---------------

Threads class SMR info:
_java_thread_list=0x00007ffc994dd108, length=0, elements={
}

Java Threads: ( => current thread )
Total: 0

Other Threads:
  0x0000022bb214f060 WorkerThread "GC Thread#0"                     [id=31064, stack(0x0000004b4da00000,0x0000004b4db00000) (1024K)]
  0x0000022bb4484e90 ConcurrentGCThread "G1 Main Marker"            [id=49768, stack(0x0000004b4db00000,0x0000004b4dc00000) (1024K)]
  0x0000022bb214e580 WorkerThread "G1 Conc#0"                       [id=49760, stack(0x0000004b4dc00000,0x0000004b4dd00000) (1024K)]

[error occurred during error reporting (printing all threads), id 0xc0000005, EXCEPTION_ACCESS_VIOLATION (0xc0000005) at pc=0x00007ffc98bd52c7]
VM state: not at safepoint (not fully initialized)

VM Mutex/Monitor currently owned by a thread:  ([mutex/lock_event])
[0x00007ffc99551858] Heap_lock - owner thread: 0x0000022bb441f5c0

Heap address: 0x0000000724e00000, size: 3506 MB, Compressed Oops mode: Zero based, Oop shift amount: 3

CDS archive(s) mapped at: [0x0000000000000000-0x0000000000000000-0x0000000000000000), size 0, SharedBaseAddress: 0x0000000800000000, ArchiveRelocationMode: 1.
Narrow klass base: 0x0000000000000000, Narrow klass shift: 0, Narrow klass range: 0x0

GC Precious Log:
 CardTable entry size: 512
 Card Set container configuration: InlinePtr #cards 4 size 8 Array Of Cards #cards 16 size 48 Howl #buckets 8 coarsen threshold 3686 Howl Bitmap #cards 512 size 80 coarsen threshold 460 Card regions per heap region 1 cards per card region 4096

Heap:
 garbage-first heap   total 0K, used 0K [0x0000000724e00000, 0x0000000800000000)
  region size 2048K, 0 young (0K), 0 survivors (0K)
 Metaspace       used 0K, committed 0K, reserved 0K
  class space    used 0K, committed 0K, reserved 0K

Heap Regions: E=young(eden), S=young(survivor), O=old, HS=humongous(starts), HC=humongous(continues), CS=collection set, F=free, TAMS=top-at-mark-start, PB=parsable bottom

Card table byte_map: [0x0000022bc8290000,0x0000022bc8970000] _byte_map_base: 0x0000022bc4969000

Marking Bits: (CMBitMap*) 0x0000022bb44768f0
 Bits: [0x0000022bc8970000, 0x0000022bcc038000)

GC Heap History (0 events):
No events

Dll operation events (1 events):
Event: 0.006 Loaded shared library C:\Users\zhang\AppData\Local\Programs\PyCharm Professional\jbr\bin\java.dll

Deoptimization events (0 events):
No events

Classes loaded (0 events):
No events

Classes unloaded (0 events):
No events

Classes redefined (0 events):
No events

Internal exceptions (0 events):
No events

ZGC Phase Switch (0 events):
No events

VM Operations (0 events):
No events

Events (0 events):
No events


Dynamic libraries:
0x00007ff65c170000 - 0x00007ff65c17a000 	C:\Users\zhang\AppData\Local\Programs\PyCharm Professional\jbr\bin\java.exe
0x00007ffdb0510000 - 0x00007ffdb0727000 	C:\WINDOWS\SYSTEM32\ntdll.dll
0x00007ffdaf290000 - 0x00007ffdaf354000 	C:\WINDOWS\System32\KERNEL32.DLL
0x00007ffdad9e0000 - 0x00007ffdadd99000 	C:\WINDOWS\System32\KERNELBASE.dll
0x00007ffdad810000 - 0x00007ffdad921000 	C:\WINDOWS\System32\ucrtbase.dll
0x00007ffd841b0000 - 0x00007ffd841c8000 	C:\Users\zhang\AppData\Local\Programs\PyCharm Professional\jbr\bin\jli.dll
0x00007ffd94130000 - 0x00007ffd9414b000 	C:\Users\zhang\AppData\Local\Programs\PyCharm Professional\jbr\bin\VCRUNTIME140.dll
0x00007ffdaecc0000 - 0x00007ffdaee6e000 	C:\WINDOWS\System32\USER32.dll
0x00007ffdad9b0000 - 0x00007ffdad9d6000 	C:\WINDOWS\System32\win32u.dll
0x00007ffd9c600000 - 0x00007ffd9c892000 	C:\WINDOWS\WinSxS\amd64_microsoft.windows.common-controls_6595b64144ccf1df_6.0.22621.4391_none_2715d37f73803e96\COMCTL32.dll
0x00007ffdb0440000 - 0x00007ffdb0469000 	C:\WINDOWS\System32\GDI32.dll
0x00007ffdb0390000 - 0x00007ffdb0437000 	C:\WINDOWS\System32\msvcrt.dll
0x00007ffdadee0000 - 0x00007ffdadffb000 	C:\WINDOWS\System32\gdi32full.dll
0x00007ffdadda0000 - 0x00007ffdade3a000 	C:\WINDOWS\System32\msvcp_win.dll
0x00007ffdaec80000 - 0x00007ffdaecb1000 	C:\WINDOWS\System32\IMM32.DLL
0x00007ffd94120000 - 0x00007ffd9412c000 	C:\Users\zhang\AppData\Local\Programs\PyCharm Professional\jbr\bin\vcruntime140_1.dll
0x00007ffd35ac0000 - 0x00007ffd35b4d000 	C:\Users\zhang\AppData\Local\Programs\PyCharm Professional\jbr\bin\msvcp140.dll
0x00007ffc98890000 - 0x00007ffc99642000 	C:\Users\zhang\AppData\Local\Programs\PyCharm Professional\jbr\bin\server\jvm.dll
0x00007ffdae340000 - 0x00007ffdae3f2000 	C:\WINDOWS\System32\ADVAPI32.dll
0x00007ffdae230000 - 0x00007ffdae2d7000 	C:\WINDOWS\System32\sechost.dll
0x00007ffdadeb0000 - 0x00007ffdaded8000 	C:\WINDOWS\System32\bcrypt.dll
0x00007ffdaf890000 - 0x00007ffdaf9a4000 	C:\WINDOWS\System32\RPCRT4.dll
0x00007ffdafe90000 - 0x00007ffdaff01000 	C:\WINDOWS\System32\WS2_32.dll
0x00007ffdad6e0000 - 0x00007ffdad72d000 	C:\WINDOWS\SYSTEM32\POWRPROF.dll
0x00007ffda1fa0000 - 0x00007ffda1fd4000 	C:\WINDOWS\SYSTEM32\WINMM.dll
0x00007ffda79f0000 - 0x00007ffda79fa000 	C:\WINDOWS\SYSTEM32\VERSION.dll
0x00007ffdad6c0000 - 0x00007ffdad6d3000 	C:\WINDOWS\SYSTEM32\UMPDC.dll
0x00007ffdac850000 - 0x00007ffdac868000 	C:\WINDOWS\SYSTEM32\kernel.appcore.dll
0x00007ffd94110000 - 0x00007ffd9411a000 	C:\Users\zhang\AppData\Local\Programs\PyCharm Professional\jbr\bin\jimage.dll
0x00007ffdab1d0000 - 0x00007ffdab402000 	C:\WINDOWS\SYSTEM32\DBGHELP.DLL
0x00007ffdaef00000 - 0x00007ffdaf28f000 	C:\WINDOWS\System32\combase.dll
0x00007ffdb00f0000 - 0x00007ffdb01c7000 	C:\WINDOWS\System32\OLEAUT32.dll
0x00007ffda4980000 - 0x00007ffda49b2000 	C:\WINDOWS\SYSTEM32\dbgcore.DLL
0x00007ffdad930000 - 0x00007ffdad9ab000 	C:\WINDOWS\System32\bcryptPrimitives.dll
0x00007ffd93ea0000 - 0x00007ffd93ebf000 	C:\Users\zhang\AppData\Local\Programs\PyCharm Professional\jbr\bin\java.dll

dbghelp: loaded successfully - version: 4.0.5 - missing functions: none
symbol engine: initialized successfully - sym options: 0x614 - pdb path: .;C:\Users\zhang\AppData\Local\Programs\PyCharm Professional\jbr\bin;C:\WINDOWS\SYSTEM32;C:\WINDOWS\WinSxS\amd64_microsoft.windows.common-controls_6595b64144ccf1df_6.0.22621.4391_none_2715d37f73803e96;C:\Users\zhang\AppData\Local\Programs\PyCharm Professional\jbr\bin\server

VM Arguments:
java_command: git4idea.http.GitAskPassApp Username for 'https://github.com': 
java_class_path (initial): C:/Users/zhang/AppData/Local/Programs/PyCharm Professional/plugins/vcs-git/lib/git4idea-rt.jar;C:/Users/zhang/AppData/Local/Programs/PyCharm Professional/lib/externalProcess-rt.jar
Launcher Type: SUN_STANDARD

[Global flags]
     intx CICompilerCount                          = 12                                        {product} {ergonomic}
     uint ConcGCThreads                            = 3                                         {product} {ergonomic}
     uint G1ConcRefinementThreads                  = 13                                        {product} {ergonomic}
   size_t G1HeapRegionSize                         = 2097152                                   {product} {ergonomic}
    uintx GCDrainStackTargetSize                   = 64                                        {product} {ergonomic}
   size_t InitialHeapSize                          = 230686720                                 {product} {ergonomic}
   size_t MarkStackSize                            = 4194304                                   {product} {ergonomic}
   size_t MaxHeapSize                              = 3676307456                                {product} {ergonomic}
   size_t MinHeapDeltaBytes                        = 2097152                                   {product} {ergonomic}
   size_t MinHeapSize                              = 8388608                                   {product} {ergonomic}
    uintx NonNMethodCodeHeapSize                   = 7602480                                {pd product} {ergonomic}
    uintx NonProfiledCodeHeapSize                  = 122027880                              {pd product} {ergonomic}
    uintx ProfiledCodeHeapSize                     = 122027880                              {pd product} {ergonomic}
    uintx ReservedCodeCacheSize                    = 251658240                              {pd product} {ergonomic}
     bool SegmentedCodeCache                       = true                                      {product} {ergonomic}
   size_t SoftMaxHeapSize                          = 3676307456                             {manageable} {ergonomic}
     bool UseCompressedOops                        = true                           {product lp64_product} {ergonomic}
     bool UseG1GC                                  = true                                      {product} {ergonomic}
     bool UseLargePagesIndividualAllocation        = false                                  {pd product} {ergonomic}

Logging:
Log output configuration:
 #0: stdout all=warning uptime,level,tags foldmultilines=false
 #1: stderr all=off uptime,level,tags foldmultilines=false

Environment Variables:
JAVA_HOME=C:\Users\zhang\.jdks\corretto-17.0.12
PATH=D:/Program Files/Git/mingw64/libexec/git-core;D:/Program Files/Git/mingw64/libexec/git-core;D:\Program Files\Git\mingw64\bin;D:\Program Files\Git\usr\bin;C:\Users\zhang\bin;D:\Users\zhang\anaconda3\envs\pytorch;D:\Users\zhang\anaconda3\envs\pytorch\Library\mingw-w64\bin;D:\Users\zhang\anaconda3\envs\pytorch\Library\usr\bin;D:\Users\zhang\anaconda3\envs\pytorch\Library\bin;D:\Users\zhang\anaconda3\envs\pytorch\Scripts;D:\Users\zhang\anaconda3\envs\pytorch\bin;D:\Users\zhang\anaconda3\condabin;C:\Windows\system32;C:\Windows;C:\Windows\System32\Wbem;C:\Windows\System32\WindowsPowerShell\v1.0;C:\Windows\System32\OpenSSH;C:\Program Files (x86)\NVIDIA Corporation\PhysX\Common;C:\Program Files\dotnet;C:\Program Files\NVIDIA Corporation\NVIDIA NvDLISR;D:\Program Files\Git\cmd;C:\WINDOWS\system32;C:\WINDOWS;C:\WINDOWS\System32\Wbem;C:\WINDOWS\System32\WindowsPowerShell\v1.0;C:\WINDOWS\System32\OpenSSH;C:\Program Files\PowerShell\7;C:\Users\zhang\AppData\Local\Microsoft\WindowsApps;C:\Users\zhang\AppData\Local\JetBrains\Toolbox\scripts;D:\Users\zhang\AppData\Local\Programs\Microsoft VS Code Insiders\bin;C:\Users\zhang\.dotnet\tools;C:\Users\zhang\AppData\Local\Microsoft\WindowsApps;C:\Users\zhang\AppData\Local\Muse Hub\lib
USERNAME=zhang
DISPLAY=:0.0
LC_ALL=en_US.UTF-8
TERM=xterm-256color
TMPDIR=C:\Users\zhang\AppData\Local\Temp
OS=Windows_NT
PROCESSOR_IDENTIFIER=AMD64 Family 25 Model 68 Stepping 1, AuthenticAMD
TMP=C:\Users\zhang\AppData\Local\Temp
TEMP=C:\Users\zhang\AppData\Local\Temp




Periodic native trim disabled

JNI global refs:
JNI global refs: 0, weak refs: 0

JNI global refs memory usage: 0, weak refs: 0

Process memory usage:
Resident Set Size: 11848K (0% of 14357448K total physical memory with 1247312K free physical memory)

OOME stack traces (most recent first):
Classloader memory used:

---------------  S Y S T E M  ---------------

OS:
 Windows 11 , 64 bit Build 22621 (10.0.22621.4391)
OS uptime: 0 days 5:59 hours

CPU: total 16 (initial active 16) (16 cores per cpu, 2 threads per core) family 25 model 68 stepping 1 microcode 0x0, cx8, cmov, fxsr, ht, mmx, 3dnowpref, sse, sse2, sse3, ssse3, sse4a, sse4.1, sse4.2, popcnt, lzcnt, tsc, tscinvbit, avx, avx2, aes, erms, clmul, bmi1, bmi2, adx, sha, fma, vzeroupper, clflush, clflushopt, rdtscp, rdpid, fsrm, f16c, pku, cet_ss
Processor Information for all 16 processors :
  Max Mhz: 3201, Current Mhz: 3201, Mhz Limit: 3201

Memory: 4k page, system-wide physical 14020M (1218M free)
TotalPageFile size 28651M (AvailPageFile size 150M)
current process WorkingSet (physical memory assigned to process): 11M, peak: 11M
current process commit charge ("private bytes"): 70M, peak: 290M

vm_info: OpenJDK 64-Bit Server VM (21.0.3+13-b509.4) for windows-amd64 JRE (21.0.3+13-b509.4), built on 2024-06-26 by "builduser" with MS VC++ 16.10 / 16.11 (VS2019)

END.
